[debug] [2023-12-18T13:01:19.065Z] ----------------------------------------------------------------------
[debug] [2023-12-18T13:01:19.068Z] Command:       C:\Program Files\nodejs\node.exe C:\Users\Usuario\AppData\Roaming\npm\node_modules\firebase-tools\lib\bin\firebase.js init
[debug] [2023-12-18T13:01:19.068Z] CLI Version:   13.0.2
[debug] [2023-12-18T13:01:19.069Z] Platform:      win32
[debug] [2023-12-18T13:01:19.069Z] Node Version:  v18.17.1
[debug] [2023-12-18T13:01:19.070Z] Time:          Mon Dec 18 2023 10:01:19 GMT-0300 (hora estándar de Argentina)
[debug] [2023-12-18T13:01:19.071Z] ----------------------------------------------------------------------
[debug] 
[debug] [2023-12-18T13:01:19.128Z] > command requires scopes: ["email","openid","https://www.googleapis.com/auth/cloudplatformprojects.readonly","https://www.googleapis.com/auth/firebase","https://www.googleapis.com/auth/cloud-platform"]
[debug] [2023-12-18T13:01:19.129Z] > authorizing via signed-in user (anahiamayavera@gmail.com)
[info] 
     ######## #### ########  ######## ########     ###     ######  ########
     ##        ##  ##     ## ##       ##     ##  ##   ##  ##       ##
     ######    ##  ########  ######   ########  #########  ######  ######
     ##        ##  ##    ##  ##       ##     ## ##     ##       ## ##
     ##       #### ##     ## ######## ########  ##     ##  ######  ########

You're about to initialize a Firebase project in this directory:

  C:\Users\Usuario\Documents\Programacion V\finalprogv1

Before we get started, keep in mind:

  * You are initializing within an existing Firebase project directory

[info] 
=== Project Setup
[info] 
[info] First, let's associate this project directory with a Firebase project.
[info] You can create multiple project aliases by running firebase use --add, 
[info] but for now we'll just set up a default project.
[info] 
[debug] [2023-12-18T13:02:17.573Z] Using project from CLI flag: pruebaimplement
[debug] [2023-12-18T13:02:17.576Z] >>> [apiv2][query] GET https://firebase.googleapis.com/v1beta1/projects/pruebaimplement [none]
[debug] [2023-12-18T13:02:18.718Z] <<< [apiv2][status] GET https://firebase.googleapis.com/v1beta1/projects/pruebaimplement 403
[debug] [2023-12-18T13:02:18.718Z] <<< [apiv2][body] GET https://firebase.googleapis.com/v1beta1/projects/pruebaimplement {"error":{"code":403,"message":"The caller does not have permission","status":"PERMISSION_DENIED"}}
[debug] [2023-12-18T13:02:18.720Z] HTTP Error: 403, The caller does not have permission
[debug] [2023-12-18T13:02:18.953Z] FirebaseError: HTTP Error: 403, The caller does not have permission
    at responseToError (C:\Users\Usuario\AppData\Roaming\npm\node_modules\firebase-tools\lib\responseToError.js:49:12)
    at RetryOperation._fn (C:\Users\Usuario\AppData\Roaming\npm\node_modules\firebase-tools\lib\apiv2.js:292:77)
    at process.processTicksAndRejections (node:internal/process/task_queues:95:5)
[error] 
[error] Error: Failed to get Firebase project pruebaimplement. Please make sure the project exists and your account has permission to access it.
